<?xml version="1.0" encoding="UTF-8"?>
<!-- Generated by org.testng.reporters.JUnitReportReporter -->
<testsuite hostname="VishwanathYadav" failures="0" tests="2" name="zJenkins_demo.Test_1" time="0.006" errors="0" timestamp="2024-06-20T18:17:44 IST" skipped="0">
  <testcase classname="zJenkins_demo.Test_1" name="name" time="0.000"/>
  <system-out/>
  <testcase classname="zJenkins_demo.Test_1" name="address" time="0.006"/>
  <system-out/>
</testsuite> <!-- zJenkins_demo.Test_1 -->
