<?xml version="1.0" encoding="UTF-8"?>
<!-- Generated by org.testng.reporters.JUnitReportReporter -->
<testsuite hostname="VishwanathYadav" failures="0" tests="2" name="zJenkins_demo.Test_1" time="0.015" errors="0" timestamp="2024-04-04T00:30:59 IST" skipped="0">
  <testcase classname="zJenkins_demo.Test_1" name="address" time="0.014"/>
  <system-out/>
  <testcase classname="zJenkins_demo.Test_1" name="name" time="0.001"/>
  <system-out/>
</testsuite> <!-- zJenkins_demo.Test_1 -->
