<?xml version="1.0" encoding="UTF-8"?>
<!-- Generated by org.testng.reporters.JUnitReportReporter -->
<testsuite hostname="VishwanathYadav" failures="0" tests="2" name="zJenkins_demo.Test_2" time="0.007" errors="0" timestamp="2024-04-04T00:34:34 IST" skipped="0">
  <testcase classname="zJenkins_demo.Test_2" name="name" time="0.000"/>
  <system-out/>
  <testcase classname="zJenkins_demo.Test_2" name="address" time="0.007"/>
  <system-out/>
</testsuite> <!-- zJenkins_demo.Test_2 -->
